
[36mâ€¤[0m[32mâ€¤[0m[32mâ€¤[0m[32mâ€¤[0m[31mF[0m[32mâ€¤[0m[31mF[0m[32mâ€¤[0m

[32m5 passing[0m[90m (6.20s)[0m
[36m1 skipped[0m
[31m2 failing[0m

[0m1) test suite for https://webguide.boisestate.edu/access-google-analytics/ should read the value of footer:
[0m[31mexpected 'COMMUNICATIONS AND MARKETING - UNIVERSITY WEB    |    WEBTEAM@BOISESTATE.EDU    |    (208) 426-1577    |    ALUMNI AND FRIENDS CENTER' to include 'CAPITOL VILLAGE'[0m[93m
running chrome[0m[90m
AssertionError: expected 'COMMUNICATIONS AND MARKETING - UNIVERSITY WEB    |    WEBTEAM@BOISESTATE.EDU    |    (208) 426-1577    |    ALUMNI AND FRIENDS CENTER' to include 'CAPITOL VILLAGE'
    at Context.<anonymous> (/Users/david/temp/20180105/page-object-tests/test/specs/var.spec.js:52:42)
    at new Promise (<anonymous>)
    at new F (/usr/local/lib/node_modules/wdio-mocha-framework/node_modules/core-js/library/modules/_export.js:35:28)
[0m
[0m2) test suite for https://webguide.boisestate.edu/access-google-analytics/ should check the title:
[0m[31mexpected 'Page not found - Boise State Webguide' to equal 'Access Google Analytics - Boise State Webguide'[0m[93m
running chrome[0m[90m
AssertionError: expected 'Page not found - Boise State Webguide' to equal 'Access Google Analytics - Boise State Webguide'
    at Context.<anonymous> (/Users/david/temp/20180105/page-object-tests/test/specs/var.spec.js:65:35)
    at new Promise (<anonymous>)
    at new F (/usr/local/lib/node_modules/wdio-mocha-framework/node_modules/core-js/library/modules/_export.js:35:28)
[0m


